<?xml version="1.0" encoding="UTF-8"?>
<!-- Generated by org.testng.reporters.JUnitReportReporter -->
<testsuite skipped="0" hostname="90-G8363KTZ-1AH" name="com.amazon.TestCases.Amazon_AddBestSellersToCartTest" tests="1" failures="0" timestamp="18 Jul 2019 13:23:20 GMT" time="59.122" errors="0">
  <testcase name="addtoCart" time="59.122" classname="com.amazon.TestCases.Amazon_AddBestSellersToCartTest"/>
</testsuite> <!-- com.amazon.TestCases.Amazon_AddBestSellersToCartTest -->
